2019-08-21 03:36:55,506 INFO  [Log] **************************************************************************************** 
2019-08-21 03:36:55,506 INFO  [Log] **************************************************************************************** 
2019-08-21 03:36:55,506 INFO  [Log] $$$$$$$$$$$$$$$$$$$$$                 New Test Case Started       $$$$$$$$$$$$$$$$$$$$$$$$$ 
2019-08-21 03:36:55,506 INFO  [Log] **************************************************************************************** 
2019-08-21 03:36:55,507 INFO  [Log] **************************************************************************************** 
2019-08-21 03:36:57,697 INFO  [Log] Chrome driver is created 
2019-08-21 03:37:00,796 INFO  [Log] website is launched 
2019-08-21 03:37:00,814 INFO  [Log] returns the driver 
2019-08-21 03:37:00,814 INFO  [Log] returns the wait time 
2019-08-21 03:37:00,818 INFO  [Log] Initializing web drivers 
2019-08-21 03:37:00,819 INFO  [Log] Initializing web drivers 
2019-08-21 03:37:00,820 INFO  [Log] Clicking the sign in button 
2019-08-21 03:37:02,522 INFO  [Log] Validating the page title 
2019-08-21 03:37:02,535 INFO  [Log] The name of the testcase passed is :validateLoginPageTitle 
2019-08-21 03:37:02,536 INFO  [Log] Capturing the screenshot 
2019-08-21 03:37:02,954 INFO  [Log] **************************************************************************************** 
2019-08-21 03:37:02,954 INFO  [Log] **************************************************************************************** 
2019-08-21 03:37:02,954 INFO  [Log] $$$$$$$$$$$$$$$$$$$$$                 Test Case Ended       $$$$$$$$$$$$$$$$$$$$$$$$$ 
2019-08-21 03:37:02,954 INFO  [Log] **************************************************************************************** 
2019-08-21 03:37:02,954 INFO  [Log] **************************************************************************************** 
2019-08-21 03:37:03,069 INFO  [Log] **************************************************************************************** 
2019-08-21 03:37:03,069 INFO  [Log] **************************************************************************************** 
2019-08-21 03:37:03,069 INFO  [Log] $$$$$$$$$$$$$$$$$$$$$                 New Test Case Started       $$$$$$$$$$$$$$$$$$$$$$$$$ 
2019-08-21 03:37:03,069 INFO  [Log] **************************************************************************************** 
2019-08-21 03:37:03,069 INFO  [Log] **************************************************************************************** 
2019-08-21 03:37:04,426 INFO  [Log] Chrome driver is created 
2019-08-21 03:37:39,163 INFO  [Log] website is launched 
2019-08-21 03:37:39,163 INFO  [Log] returns the driver 
2019-08-21 03:37:39,163 INFO  [Log] returns the wait time 
2019-08-21 03:37:39,163 INFO  [Log] Initializing web drivers 
2019-08-21 03:37:39,163 INFO  [Log] Initializing web drivers 
2019-08-21 03:37:39,164 INFO  [Log] Initializing web drivers 
2019-08-21 03:37:39,164 INFO  [Log] Clicking the sign in button 
2019-08-21 03:37:40,351 INFO  [Log] Clicking the Forgot password link 
2019-08-21 03:37:41,240 INFO  [Log] Clicking the Forgot password link 
2019-08-21 03:37:42,060 INFO  [Log] The name of the testcase passed is :redirectedToForgotPasswordPage 
2019-08-21 03:37:42,060 INFO  [Log] Capturing the screenshot 
2019-08-21 03:37:42,401 INFO  [Log] **************************************************************************************** 
2019-08-21 03:37:42,401 INFO  [Log] **************************************************************************************** 
2019-08-21 03:37:42,401 INFO  [Log] $$$$$$$$$$$$$$$$$$$$$                 Test Case Ended       $$$$$$$$$$$$$$$$$$$$$$$$$ 
2019-08-21 03:37:42,401 INFO  [Log] **************************************************************************************** 
2019-08-21 03:37:42,401 INFO  [Log] **************************************************************************************** 
2019-08-21 03:37:42,528 INFO  [Log] **************************************************************************************** 
2019-08-21 03:37:42,529 INFO  [Log] **************************************************************************************** 
2019-08-21 03:37:42,529 INFO  [Log] $$$$$$$$$$$$$$$$$$$$$                 New Test Case Started       $$$$$$$$$$$$$$$$$$$$$$$$$ 
2019-08-21 03:37:42,529 INFO  [Log] **************************************************************************************** 
2019-08-21 03:37:42,529 INFO  [Log] **************************************************************************************** 
2019-08-21 03:37:43,788 INFO  [Log] Chrome driver is created 
2019-08-21 03:37:48,134 INFO  [Log] website is launched 
2019-08-21 03:37:48,134 INFO  [Log] returns the driver 
2019-08-21 03:37:48,134 INFO  [Log] returns the wait time 
2019-08-21 03:37:48,134 INFO  [Log] Initializing web drivers 
2019-08-21 03:37:48,135 INFO  [Log] Initializing web drivers 
2019-08-21 03:37:48,135 INFO  [Log] Clicking the sign in button 
2019-08-21 03:37:49,494 INFO  [Log] Verifying the logo 
2019-08-21 03:37:49,593 INFO  [Log] The name of the testcase passed is :logoImageTest 
2019-08-21 03:37:49,593 INFO  [Log] Capturing the screenshot 
2019-08-21 03:37:49,917 INFO  [Log] **************************************************************************************** 
2019-08-21 03:37:49,917 INFO  [Log] **************************************************************************************** 
2019-08-21 03:37:49,917 INFO  [Log] $$$$$$$$$$$$$$$$$$$$$                 Test Case Ended       $$$$$$$$$$$$$$$$$$$$$$$$$ 
2019-08-21 03:37:49,918 INFO  [Log] **************************************************************************************** 
2019-08-21 03:37:49,918 INFO  [Log] **************************************************************************************** 
2019-08-21 03:37:50,035 INFO  [Log] **************************************************************************************** 
2019-08-21 03:37:50,035 INFO  [Log] **************************************************************************************** 
2019-08-21 03:37:50,035 INFO  [Log] $$$$$$$$$$$$$$$$$$$$$                 New Test Case Started       $$$$$$$$$$$$$$$$$$$$$$$$$ 
2019-08-21 03:37:50,035 INFO  [Log] **************************************************************************************** 
2019-08-21 03:37:50,035 INFO  [Log] **************************************************************************************** 
2019-08-21 03:37:51,277 INFO  [Log] Chrome driver is created 
2019-08-21 03:38:00,691 INFO  [Log] website is launched 
2019-08-21 03:38:00,691 INFO  [Log] returns the driver 
2019-08-21 03:38:00,691 INFO  [Log] returns the wait time 
2019-08-21 03:38:00,691 INFO  [Log] Initializing web drivers 
2019-08-21 03:38:00,691 INFO  [Log] Initializing web drivers 
2019-08-21 03:38:00,691 INFO  [Log] Initializing web drivers 
2019-08-21 03:38:00,691 INFO  [Log] Clicking the sign in button 
2019-08-21 03:38:01,949 INFO  [Log] Clicking the Forgot password link 
2019-08-21 03:38:02,914 INFO  [Log] Forget password method: unregisteredUsername is invoked 
2019-08-21 03:38:02,914 INFO  [Log] unregisteredUsername is invoked 
2019-08-21 03:38:02,914 INFO  [Log] Reading the excel sheet forget password 
2019-08-21 03:38:03,551 INFO  [Log] Retrieve password method is called 
2019-08-21 03:38:03,551 INFO  [Log] Set the email in the input box 
2019-08-21 03:38:03,878 INFO  [Log] Clicking on the retrieve passowrd button 
2019-08-21 03:38:04,760 INFO  [Log] Fetching the error message 
2019-08-21 03:38:04,829 INFO  [Log] The name of the testcase passed is :unregisteredUsername 
2019-08-21 03:38:04,829 INFO  [Log] Capturing the screenshot 
2019-08-21 03:38:05,153 INFO  [Log] **************************************************************************************** 
2019-08-21 03:38:05,153 INFO  [Log] **************************************************************************************** 
2019-08-21 03:38:05,153 INFO  [Log] $$$$$$$$$$$$$$$$$$$$$                 Test Case Ended       $$$$$$$$$$$$$$$$$$$$$$$$$ 
2019-08-21 03:38:05,153 INFO  [Log] **************************************************************************************** 
2019-08-21 03:38:05,153 INFO  [Log] **************************************************************************************** 
2019-08-21 03:38:05,270 INFO  [Log] **************************************************************************************** 
2019-08-21 03:38:05,270 INFO  [Log] **************************************************************************************** 
2019-08-21 03:38:05,271 INFO  [Log] $$$$$$$$$$$$$$$$$$$$$                 New Test Case Started       $$$$$$$$$$$$$$$$$$$$$$$$$ 
2019-08-21 03:38:05,271 INFO  [Log] **************************************************************************************** 
2019-08-21 03:38:05,271 INFO  [Log] **************************************************************************************** 
2019-08-21 03:38:06,558 INFO  [Log] Chrome driver is created 
2019-08-21 03:38:09,888 INFO  [Log] website is launched 
2019-08-21 03:38:09,888 INFO  [Log] returns the driver 
2019-08-21 03:38:09,888 INFO  [Log] returns the wait time 
2019-08-21 03:38:09,888 INFO  [Log] Initializing web drivers 
2019-08-21 03:38:09,888 INFO  [Log] Initializing web drivers 
2019-08-21 03:38:09,888 INFO  [Log] Clicking the sign in button 
2019-08-21 03:38:11,111 INFO  [Log] Login method 
2019-08-21 03:38:11,111 INFO  [Log] validCredentials is invoked 
2019-08-21 03:38:11,111 INFO  [Log] Reading the excel sheet login 
2019-08-21 03:38:11,194 INFO  [Log] Setting the registered emailtest123abc@gmail.com 
2019-08-21 03:38:11,499 INFO  [Log] Setting the password 
2019-08-21 03:38:11,682 INFO  [Log] Clicking the sign in button 
2019-08-21 03:38:12,793 INFO  [Log] The name of the testcase passed is :validCredentials 
2019-08-21 03:38:12,793 INFO  [Log] Capturing the screenshot 
2019-08-21 03:38:13,197 INFO  [Log] **************************************************************************************** 
2019-08-21 03:38:13,197 INFO  [Log] **************************************************************************************** 
2019-08-21 03:38:13,197 INFO  [Log] $$$$$$$$$$$$$$$$$$$$$                 Test Case Ended       $$$$$$$$$$$$$$$$$$$$$$$$$ 
2019-08-21 03:38:13,197 INFO  [Log] **************************************************************************************** 
2019-08-21 03:38:13,197 INFO  [Log] **************************************************************************************** 
2019-08-21 03:38:13,356 INFO  [Log] **************************************************************************************** 
2019-08-21 03:38:13,356 INFO  [Log] **************************************************************************************** 
2019-08-21 03:38:13,356 INFO  [Log] $$$$$$$$$$$$$$$$$$$$$                 New Test Case Started       $$$$$$$$$$$$$$$$$$$$$$$$$ 
2019-08-21 03:38:13,356 INFO  [Log] **************************************************************************************** 
2019-08-21 03:38:13,356 INFO  [Log] **************************************************************************************** 
2019-08-21 03:38:14,731 INFO  [Log] Chrome driver is created 
2019-08-21 03:38:18,180 INFO  [Log] website is launched 
2019-08-21 03:38:18,180 INFO  [Log] returns the driver 
2019-08-21 03:38:18,180 INFO  [Log] returns the wait time 
2019-08-21 03:38:18,180 INFO  [Log] Initializing web drivers 
2019-08-21 03:38:18,180 INFO  [Log] Initializing web drivers 
2019-08-21 03:38:18,180 INFO  [Log] Initializing web drivers 
2019-08-21 03:38:18,180 INFO  [Log] Clicking the sign in button 
2019-08-21 03:38:19,560 INFO  [Log] Clicking the Forgot password link 
2019-08-21 03:38:20,352 INFO  [Log] Forget password method: invalidUsername is invoked 
2019-08-21 03:38:20,352 INFO  [Log] invalidUsername is invoked 
2019-08-21 03:38:20,352 INFO  [Log] Reading the excel sheet forget password 
2019-08-21 03:38:20,409 INFO  [Log] Retrieve password method is called 
2019-08-21 03:38:20,409 INFO  [Log] Set the email in the input box 
2019-08-21 03:38:20,643 INFO  [Log] Clicking on the retrieve passowrd button 
2019-08-21 03:38:21,419 INFO  [Log] Fetching the error message 
2019-08-21 03:38:21,483 INFO  [Log] The name of the testcase passed is :invalidUsername 
2019-08-21 03:38:21,483 INFO  [Log] Capturing the screenshot 
2019-08-21 03:38:21,807 INFO  [Log] **************************************************************************************** 
2019-08-21 03:38:21,807 INFO  [Log] **************************************************************************************** 
2019-08-21 03:38:21,807 INFO  [Log] $$$$$$$$$$$$$$$$$$$$$                 Test Case Ended       $$$$$$$$$$$$$$$$$$$$$$$$$ 
2019-08-21 03:38:21,807 INFO  [Log] **************************************************************************************** 
2019-08-21 03:38:21,807 INFO  [Log] **************************************************************************************** 
2019-08-21 03:38:21,923 INFO  [Log] **************************************************************************************** 
2019-08-21 03:38:21,923 INFO  [Log] **************************************************************************************** 
2019-08-21 03:38:21,923 INFO  [Log] $$$$$$$$$$$$$$$$$$$$$                 New Test Case Started       $$$$$$$$$$$$$$$$$$$$$$$$$ 
2019-08-21 03:38:21,923 INFO  [Log] **************************************************************************************** 
2019-08-21 03:38:21,923 INFO  [Log] **************************************************************************************** 
2019-08-21 03:38:23,063 INFO  [Log] Chrome driver is created 
2019-08-21 03:38:26,737 INFO  [Log] website is launched 
2019-08-21 03:38:26,737 INFO  [Log] returns the driver 
2019-08-21 03:38:26,737 INFO  [Log] returns the wait time 
2019-08-21 03:38:26,737 INFO  [Log] Initializing web drivers 
2019-08-21 03:38:26,737 INFO  [Log] Initializing web drivers 
2019-08-21 03:38:26,738 INFO  [Log] Clicking the sign in button 
2019-08-21 03:38:28,077 INFO  [Log] Login method 
2019-08-21 03:38:28,077 INFO  [Log] emptyCredentials is invoked 
2019-08-21 03:38:28,077 INFO  [Log] Reading the excel sheet login 
2019-08-21 03:38:28,144 INFO  [Log] Setting the registered email 
2019-08-21 03:38:28,315 INFO  [Log] Setting the password 
2019-08-21 03:38:28,508 INFO  [Log] Clicking the sign in button 
2019-08-21 03:38:29,509 INFO  [Log] Fetching the error message 
2019-08-21 03:38:29,570 INFO  [Log] The name of the testcase passed is :emptyCredentials 
2019-08-21 03:38:29,570 INFO  [Log] Capturing the screenshot 
2019-08-21 03:38:29,886 INFO  [Log] **************************************************************************************** 
2019-08-21 03:38:29,886 INFO  [Log] **************************************************************************************** 
2019-08-21 03:38:29,886 INFO  [Log] $$$$$$$$$$$$$$$$$$$$$                 Test Case Ended       $$$$$$$$$$$$$$$$$$$$$$$$$ 
2019-08-21 03:38:29,886 INFO  [Log] **************************************************************************************** 
2019-08-21 03:38:29,886 INFO  [Log] **************************************************************************************** 
2019-08-21 03:38:30,004 INFO  [Log] **************************************************************************************** 
2019-08-21 03:38:30,004 INFO  [Log] **************************************************************************************** 
2019-08-21 03:38:30,004 INFO  [Log] $$$$$$$$$$$$$$$$$$$$$                 New Test Case Started       $$$$$$$$$$$$$$$$$$$$$$$$$ 
2019-08-21 03:38:30,004 INFO  [Log] **************************************************************************************** 
2019-08-21 03:38:30,004 INFO  [Log] **************************************************************************************** 
2019-08-21 03:38:31,285 INFO  [Log] Chrome driver is created 
2019-08-21 03:38:35,328 INFO  [Log] website is launched 
2019-08-21 03:38:35,328 INFO  [Log] returns the driver 
2019-08-21 03:38:35,328 INFO  [Log] returns the wait time 
2019-08-21 03:38:35,328 INFO  [Log] Initializing web drivers 
2019-08-21 03:38:35,328 INFO  [Log] Initializing web drivers 
2019-08-21 03:38:35,328 INFO  [Log] Initializing web drivers 
2019-08-21 03:38:35,328 INFO  [Log] Clicking the sign in button 
2019-08-21 03:38:36,461 INFO  [Log] Clicking the Forgot password link 
2019-08-21 03:38:37,189 INFO  [Log] Forget password method: validUsername is invoked 
2019-08-21 03:38:37,189 INFO  [Log] validUsername is invoked 
2019-08-21 03:38:37,189 INFO  [Log] Reading the excel sheet forget password 
2019-08-21 03:38:37,226 INFO  [Log] Retrieve password method is called 
2019-08-21 03:38:37,226 INFO  [Log] Set the email in the input box 
2019-08-21 03:38:37,504 INFO  [Log] Clicking on the retrieve passowrd button 
2019-08-21 03:38:38,310 INFO  [Log] Returning the username 
2019-08-21 03:38:38,310 INFO  [Log] validUsername is invoked 
2019-08-21 03:38:38,310 INFO  [Log] Reading the excel sheet forget password 
2019-08-21 03:38:38,355 INFO  [Log] Fetching the success message 
2019-08-21 03:38:38,415 INFO  [Log] The name of the testcase passed is :validUsername 
2019-08-21 03:38:38,415 INFO  [Log] Capturing the screenshot 
2019-08-21 03:38:38,733 INFO  [Log] **************************************************************************************** 
2019-08-21 03:38:38,733 INFO  [Log] **************************************************************************************** 
2019-08-21 03:38:38,733 INFO  [Log] $$$$$$$$$$$$$$$$$$$$$                 Test Case Ended       $$$$$$$$$$$$$$$$$$$$$$$$$ 
2019-08-21 03:38:38,733 INFO  [Log] **************************************************************************************** 
2019-08-21 03:38:38,733 INFO  [Log] **************************************************************************************** 
2019-08-21 03:38:38,839 INFO  [Log] **************************************************************************************** 
2019-08-21 03:38:38,840 INFO  [Log] **************************************************************************************** 
2019-08-21 03:38:38,840 INFO  [Log] $$$$$$$$$$$$$$$$$$$$$                 New Test Case Started       $$$$$$$$$$$$$$$$$$$$$$$$$ 
2019-08-21 03:38:38,840 INFO  [Log] **************************************************************************************** 
2019-08-21 03:38:38,840 INFO  [Log] **************************************************************************************** 
2019-08-21 03:38:40,047 INFO  [Log] Chrome driver is created 
2019-08-21 03:38:43,558 INFO  [Log] website is launched 
2019-08-21 03:38:43,558 INFO  [Log] returns the driver 
2019-08-21 03:38:43,558 INFO  [Log] returns the wait time 
2019-08-21 03:38:43,558 INFO  [Log] Initializing web drivers 
2019-08-21 03:38:43,558 INFO  [Log] Initializing web drivers 
2019-08-21 03:38:43,558 INFO  [Log] Clicking the sign in button 
2019-08-21 03:38:44,893 INFO  [Log] Login method 
2019-08-21 03:38:44,893 INFO  [Log] emptyUsername is invoked 
2019-08-21 03:38:44,893 INFO  [Log] Reading the excel sheet login 
2019-08-21 03:38:44,943 INFO  [Log] Setting the registered email 
2019-08-21 03:38:45,090 INFO  [Log] Setting the password 
2019-08-21 03:38:45,314 INFO  [Log] Clicking the sign in button 
2019-08-21 03:38:46,140 INFO  [Log] Fetching the error message 
2019-08-21 03:38:46,200 INFO  [Log] The name of the testcase passed is :emptyUsername 
2019-08-21 03:38:46,200 INFO  [Log] Capturing the screenshot 
2019-08-21 03:38:46,518 INFO  [Log] **************************************************************************************** 
2019-08-21 03:38:46,518 INFO  [Log] **************************************************************************************** 
2019-08-21 03:38:46,518 INFO  [Log] $$$$$$$$$$$$$$$$$$$$$                 Test Case Ended       $$$$$$$$$$$$$$$$$$$$$$$$$ 
2019-08-21 03:38:46,518 INFO  [Log] **************************************************************************************** 
2019-08-21 03:38:46,518 INFO  [Log] **************************************************************************************** 
2019-08-21 03:38:46,632 INFO  [Log] **************************************************************************************** 
2019-08-21 03:38:46,633 INFO  [Log] **************************************************************************************** 
2019-08-21 03:38:46,633 INFO  [Log] $$$$$$$$$$$$$$$$$$$$$                 New Test Case Started       $$$$$$$$$$$$$$$$$$$$$$$$$ 
2019-08-21 03:38:46,633 INFO  [Log] **************************************************************************************** 
2019-08-21 03:38:46,633 INFO  [Log] **************************************************************************************** 
2019-08-21 03:38:47,823 INFO  [Log] Chrome driver is created 
2019-08-21 03:38:51,293 INFO  [Log] website is launched 
2019-08-21 03:38:51,293 INFO  [Log] returns the driver 
2019-08-21 03:38:51,293 INFO  [Log] returns the wait time 
2019-08-21 03:38:51,293 INFO  [Log] Initializing web drivers 
2019-08-21 03:38:51,293 INFO  [Log] Initializing web drivers 
2019-08-21 03:38:51,293 INFO  [Log] Initializing web drivers 
2019-08-21 03:38:51,293 INFO  [Log] Clicking the sign in button 
2019-08-21 03:38:52,704 INFO  [Log] Clicking the Forgot password link 
2019-08-21 03:38:53,403 INFO  [Log] Forget password method: emptyUsername is invoked 
2019-08-21 03:38:53,403 INFO  [Log] emptyUsername is invoked 
2019-08-21 03:38:53,403 INFO  [Log] Reading the excel sheet forget password 
2019-08-21 03:38:53,450 INFO  [Log] Retrieve password method is called 
2019-08-21 03:38:53,450 INFO  [Log] Set the email in the input box 
2019-08-21 03:38:53,585 INFO  [Log] Clicking on the retrieve passowrd button 
2019-08-21 03:38:54,590 INFO  [Log] Fetching the error message 
2019-08-21 03:38:54,654 INFO  [Log] The name of the testcase passed is :emptyUsername 
2019-08-21 03:38:54,654 INFO  [Log] Capturing the screenshot 
2019-08-21 03:38:54,982 INFO  [Log] **************************************************************************************** 
2019-08-21 03:38:54,982 INFO  [Log] **************************************************************************************** 
2019-08-21 03:38:54,982 INFO  [Log] $$$$$$$$$$$$$$$$$$$$$                 Test Case Ended       $$$$$$$$$$$$$$$$$$$$$$$$$ 
2019-08-21 03:38:54,982 INFO  [Log] **************************************************************************************** 
2019-08-21 03:38:54,982 INFO  [Log] **************************************************************************************** 
2019-08-21 03:38:55,084 INFO  [Log] **************************************************************************************** 
2019-08-21 03:38:55,085 INFO  [Log] **************************************************************************************** 
2019-08-21 03:38:55,085 INFO  [Log] $$$$$$$$$$$$$$$$$$$$$                 New Test Case Started       $$$$$$$$$$$$$$$$$$$$$$$$$ 
2019-08-21 03:38:55,085 INFO  [Log] **************************************************************************************** 
2019-08-21 03:38:55,085 INFO  [Log] **************************************************************************************** 
2019-08-21 03:38:56,252 INFO  [Log] Chrome driver is created 
2019-08-21 03:38:59,696 INFO  [Log] website is launched 
2019-08-21 03:38:59,696 INFO  [Log] returns the driver 
2019-08-21 03:38:59,696 INFO  [Log] returns the wait time 
2019-08-21 03:38:59,696 INFO  [Log] Initializing web drivers 
2019-08-21 03:38:59,696 INFO  [Log] Initializing web drivers 
2019-08-21 03:38:59,696 INFO  [Log] Clicking the sign in button 
2019-08-21 03:39:00,916 INFO  [Log] Login method 
2019-08-21 03:39:00,916 INFO  [Log] emptyPassword is invoked 
2019-08-21 03:39:00,916 INFO  [Log] Reading the excel sheet login 
2019-08-21 03:39:00,975 INFO  [Log] Setting the registered emailtest123abc@gmail.com 
2019-08-21 03:39:01,317 INFO  [Log] Setting the password 
2019-08-21 03:39:01,451 INFO  [Log] Clicking the sign in button 
2019-08-21 03:39:02,275 INFO  [Log] Fetching the error message 
2019-08-21 03:39:02,342 INFO  [Log] The name of the testcase passed is :emptyPassword 
2019-08-21 03:39:02,342 INFO  [Log] Capturing the screenshot 
2019-08-21 03:39:02,680 INFO  [Log] **************************************************************************************** 
2019-08-21 03:39:02,680 INFO  [Log] **************************************************************************************** 
2019-08-21 03:39:02,680 INFO  [Log] $$$$$$$$$$$$$$$$$$$$$                 Test Case Ended       $$$$$$$$$$$$$$$$$$$$$$$$$ 
2019-08-21 03:39:02,680 INFO  [Log] **************************************************************************************** 
2019-08-21 03:39:02,680 INFO  [Log] **************************************************************************************** 
2019-08-21 03:39:02,838 INFO  [Log] **************************************************************************************** 
2019-08-21 03:39:02,838 INFO  [Log] **************************************************************************************** 
2019-08-21 03:39:02,838 INFO  [Log] $$$$$$$$$$$$$$$$$$$$$                 New Test Case Started       $$$$$$$$$$$$$$$$$$$$$$$$$ 
2019-08-21 03:39:02,838 INFO  [Log] **************************************************************************************** 
2019-08-21 03:39:02,838 INFO  [Log] **************************************************************************************** 
2019-08-21 03:39:04,100 INFO  [Log] Chrome driver is created 
2019-08-21 03:39:07,625 INFO  [Log] website is launched 
2019-08-21 03:39:07,625 INFO  [Log] returns the driver 
2019-08-21 03:39:07,625 INFO  [Log] returns the wait time 
2019-08-21 03:39:07,625 INFO  [Log] Initializing web drivers 
2019-08-21 03:39:07,625 INFO  [Log] Initializing web drivers 
2019-08-21 03:39:07,625 INFO  [Log] Clicking the sign in button 
2019-08-21 03:39:08,788 INFO  [Log] Login method 
2019-08-21 03:39:08,788 INFO  [Log] unregisteredUsername is invoked 
2019-08-21 03:39:08,788 INFO  [Log] Reading the excel sheet login 
2019-08-21 03:39:08,848 INFO  [Log] Setting the registered emailunregisteredUsername@gmail.com 
2019-08-21 03:39:09,302 INFO  [Log] Setting the password 
2019-08-21 03:39:09,498 INFO  [Log] Clicking the sign in button 
2019-08-21 03:39:10,266 INFO  [Log] Fetching the error message 
2019-08-21 03:39:10,326 INFO  [Log] The name of the testcase passed is :unregisteredUsername 
2019-08-21 03:39:10,326 INFO  [Log] Capturing the screenshot 
2019-08-21 03:39:10,667 INFO  [Log] **************************************************************************************** 
2019-08-21 03:39:10,667 INFO  [Log] **************************************************************************************** 
2019-08-21 03:39:10,667 INFO  [Log] $$$$$$$$$$$$$$$$$$$$$                 Test Case Ended       $$$$$$$$$$$$$$$$$$$$$$$$$ 
2019-08-21 03:39:10,667 INFO  [Log] **************************************************************************************** 
2019-08-21 03:39:10,667 INFO  [Log] **************************************************************************************** 
2019-08-21 03:39:10,765 INFO  [Log] **************************************************************************************** 
2019-08-21 03:39:10,766 INFO  [Log] **************************************************************************************** 
2019-08-21 03:39:10,766 INFO  [Log] $$$$$$$$$$$$$$$$$$$$$                 New Test Case Started       $$$$$$$$$$$$$$$$$$$$$$$$$ 
2019-08-21 03:39:10,766 INFO  [Log] **************************************************************************************** 
2019-08-21 03:39:10,766 INFO  [Log] **************************************************************************************** 
2019-08-21 03:39:12,017 INFO  [Log] Chrome driver is created 
2019-08-21 03:39:15,548 INFO  [Log] website is launched 
2019-08-21 03:39:15,548 INFO  [Log] returns the driver 
2019-08-21 03:39:15,548 INFO  [Log] returns the wait time 
2019-08-21 03:39:15,548 INFO  [Log] Initializing web drivers 
2019-08-21 03:39:15,548 INFO  [Log] Initializing web drivers 
2019-08-21 03:39:15,548 INFO  [Log] Clicking the sign in button 
2019-08-21 03:39:16,867 INFO  [Log] Login method 
2019-08-21 03:39:16,867 INFO  [Log] invalidPassword is invoked 
2019-08-21 03:39:16,867 INFO  [Log] Reading the excel sheet login 
2019-08-21 03:39:16,914 INFO  [Log] Setting the registered emailtest123abc@gmail.com 
2019-08-21 03:39:17,239 INFO  [Log] Setting the password 
2019-08-21 03:39:17,410 INFO  [Log] Clicking the sign in button 
2019-08-21 03:39:18,236 INFO  [Log] Fetching the error message 
2019-08-21 03:39:18,309 INFO  [Log] The name of the testcase passed is :invalidPassword 
2019-08-21 03:39:18,309 INFO  [Log] Capturing the screenshot 
2019-08-21 03:39:18,715 INFO  [Log] **************************************************************************************** 
2019-08-21 03:39:18,715 INFO  [Log] **************************************************************************************** 
2019-08-21 03:39:18,715 INFO  [Log] $$$$$$$$$$$$$$$$$$$$$                 Test Case Ended       $$$$$$$$$$$$$$$$$$$$$$$$$ 
2019-08-21 03:39:18,715 INFO  [Log] **************************************************************************************** 
2019-08-21 03:39:18,715 INFO  [Log] **************************************************************************************** 
2019-08-21 03:39:19,002 INFO  [Log] **************************************************************************************** 
2019-08-21 03:39:19,003 INFO  [Log] **************************************************************************************** 
2019-08-21 03:39:19,003 INFO  [Log] $$$$$$$$$$$$$$$$$$$$$                 New Test Case Started       $$$$$$$$$$$$$$$$$$$$$$$$$ 
2019-08-21 03:39:19,003 INFO  [Log] **************************************************************************************** 
2019-08-21 03:39:19,003 INFO  [Log] **************************************************************************************** 
2019-08-21 03:39:20,516 INFO  [Log] Chrome driver is created 
2019-08-21 03:39:24,347 INFO  [Log] website is launched 
2019-08-21 03:39:24,347 INFO  [Log] returns the driver 
2019-08-21 03:39:24,348 INFO  [Log] returns the wait time 
2019-08-21 03:39:24,348 INFO  [Log] Initializing web drivers 
2019-08-21 03:39:24,348 INFO  [Log] Initializing web drivers 
2019-08-21 03:39:24,348 INFO  [Log] Clicking the sign in button 
2019-08-21 03:39:25,513 INFO  [Log] Login method 
2019-08-21 03:39:25,514 INFO  [Log] invalidUsername is invoked 
2019-08-21 03:39:25,514 INFO  [Log] Reading the excel sheet login 
2019-08-21 03:39:25,574 INFO  [Log] Setting the registered emailtestscom. 
2019-08-21 03:39:25,948 INFO  [Log] Setting the password 
2019-08-21 03:39:26,174 INFO  [Log] Clicking the sign in button 
2019-08-21 03:39:27,232 INFO  [Log] Fetching the error message 
2019-08-21 03:39:27,291 INFO  [Log] The name of the testcase passed is :invalidUsername 
2019-08-21 03:39:27,291 INFO  [Log] Capturing the screenshot 
2019-08-21 03:39:27,653 INFO  [Log] **************************************************************************************** 
2019-08-21 03:39:27,653 INFO  [Log] **************************************************************************************** 
2019-08-21 03:39:27,653 INFO  [Log] $$$$$$$$$$$$$$$$$$$$$                 Test Case Ended       $$$$$$$$$$$$$$$$$$$$$$$$$ 
2019-08-21 03:39:27,653 INFO  [Log] **************************************************************************************** 
2019-08-21 03:39:27,653 INFO  [Log] **************************************************************************************** 
2019-08-21 03:39:27,756 INFO  [Log] **************************************************************************************** 
2019-08-21 03:39:27,756 INFO  [Log] **************************************************************************************** 
2019-08-21 03:39:27,756 INFO  [Log] $$$$$$$$$$$$$$$$$$$$$                 New Test Case Started       $$$$$$$$$$$$$$$$$$$$$$$$$ 
2019-08-21 03:39:27,756 INFO  [Log] **************************************************************************************** 
2019-08-21 03:39:27,756 INFO  [Log] **************************************************************************************** 
2019-08-21 03:39:28,930 INFO  [Log] Chrome driver is created 
2019-08-21 03:39:32,480 INFO  [Log] website is launched 
2019-08-21 03:39:32,480 INFO  [Log] returns the driver 
2019-08-21 03:39:32,480 INFO  [Log] returns the wait time 
2019-08-21 03:39:32,480 INFO  [Log] Initializing web drivers 
2019-08-21 03:39:32,480 INFO  [Log] Initializing web drivers 
2019-08-21 03:39:32,481 INFO  [Log] Clicking the sign in button 
2019-08-21 03:39:35,217 INFO  [Log] Check for password visibility (bullet or asterisk) 
2019-08-21 03:39:35,274 INFO  [Log] The name of the testcase passed is :isPasswordVisible 
2019-08-21 03:39:35,274 INFO  [Log] Capturing the screenshot 
2019-08-21 03:39:35,645 INFO  [Log] **************************************************************************************** 
2019-08-21 03:39:35,645 INFO  [Log] **************************************************************************************** 
2019-08-21 03:39:35,645 INFO  [Log] $$$$$$$$$$$$$$$$$$$$$                 Test Case Ended       $$$$$$$$$$$$$$$$$$$$$$$$$ 
2019-08-21 03:39:35,645 INFO  [Log] **************************************************************************************** 
2019-08-21 03:39:35,645 INFO  [Log] **************************************************************************************** 
2019-08-21 03:39:35,743 INFO  [Log] **************************************************************************************** 
2019-08-21 03:39:35,744 INFO  [Log] **************************************************************************************** 
2019-08-21 03:39:35,744 INFO  [Log] $$$$$$$$$$$$$$$$$$$$$                 New Test Case Started       $$$$$$$$$$$$$$$$$$$$$$$$$ 
2019-08-21 03:39:35,744 INFO  [Log] **************************************************************************************** 
2019-08-21 03:39:35,744 INFO  [Log] **************************************************************************************** 
2019-08-21 03:39:36,958 INFO  [Log] Chrome driver is created 
2019-08-21 03:39:40,461 INFO  [Log] website is launched 
2019-08-21 03:39:40,461 INFO  [Log] returns the driver 
2019-08-21 03:39:40,461 INFO  [Log] returns the wait time 
2019-08-21 03:39:40,461 INFO  [Log] Initializing web drivers 
2019-08-21 03:39:40,461 INFO  [Log] Initializing web drivers 
2019-08-21 03:39:40,461 INFO  [Log] Clicking the sign in button 
2019-08-21 03:39:41,705 INFO  [Log] Login process after enter key is pressed 
2019-08-21 03:39:41,705 INFO  [Log] isEnterKeyAllowed is invoked 
2019-08-21 03:39:41,705 INFO  [Log] Reading the excel sheet login 
2019-08-21 03:39:41,752 INFO  [Log] Setting the registered emailtest123abc@gmail.com 
2019-08-21 03:39:42,121 INFO  [Log] Setting the password 
2019-08-21 03:39:42,295 INFO  [Log] Enter key submit form 
2019-08-21 03:39:43,394 INFO  [Log] The name of the testcase passed is :isEnterKeyAllowed 
2019-08-21 03:39:43,394 INFO  [Log] Capturing the screenshot 
2019-08-21 03:39:43,804 INFO  [Log] **************************************************************************************** 
2019-08-21 03:39:43,804 INFO  [Log] **************************************************************************************** 
2019-08-21 03:39:43,804 INFO  [Log] $$$$$$$$$$$$$$$$$$$$$                 Test Case Ended       $$$$$$$$$$$$$$$$$$$$$$$$$ 
2019-08-21 03:39:43,804 INFO  [Log] **************************************************************************************** 
2019-08-21 03:39:43,804 INFO  [Log] **************************************************************************************** 
2019-08-21 03:39:48,949 INFO  [Log] **************************************************************************************** 
2019-08-21 03:39:48,950 INFO  [Log] **************************************************************************************** 
2019-08-21 03:39:48,950 INFO  [Log] $$$$$$$$$$$$$$$$$$$$$                 New Test Case Started       $$$$$$$$$$$$$$$$$$$$$$$$$ 
2019-08-21 03:39:48,950 INFO  [Log] **************************************************************************************** 
2019-08-21 03:39:48,950 INFO  [Log] **************************************************************************************** 
2019-08-21 03:39:51,507 INFO  [Log] Firefox driver is created 
2019-08-21 03:39:55,196 INFO  [Log] website is launched 
2019-08-21 03:39:55,197 INFO  [Log] returns the driver 
2019-08-21 03:39:55,197 INFO  [Log] returns the wait time 
2019-08-21 03:39:55,197 INFO  [Log] Initializing web drivers 
2019-08-21 03:39:55,197 INFO  [Log] Initializing web drivers 
2019-08-21 03:39:55,197 INFO  [Log] Clicking the sign in button 
2019-08-21 03:39:56,419 INFO  [Log] Validating the page title 
2019-08-21 03:39:56,425 INFO  [Log] The name of the testcase passed is :validateLoginPageTitle 
2019-08-21 03:39:56,425 INFO  [Log] Capturing the screenshot 
2019-08-21 03:39:56,591 INFO  [Log] **************************************************************************************** 
2019-08-21 03:39:56,591 INFO  [Log] **************************************************************************************** 
2019-08-21 03:39:56,591 INFO  [Log] $$$$$$$$$$$$$$$$$$$$$                 Test Case Ended       $$$$$$$$$$$$$$$$$$$$$$$$$ 
2019-08-21 03:39:56,591 INFO  [Log] **************************************************************************************** 
2019-08-21 03:39:56,591 INFO  [Log] **************************************************************************************** 
2019-08-21 03:39:57,272 INFO  [Log] **************************************************************************************** 
2019-08-21 03:39:57,272 INFO  [Log] **************************************************************************************** 
2019-08-21 03:39:57,272 INFO  [Log] $$$$$$$$$$$$$$$$$$$$$                 New Test Case Started       $$$$$$$$$$$$$$$$$$$$$$$$$ 
2019-08-21 03:39:57,272 INFO  [Log] **************************************************************************************** 
2019-08-21 03:39:57,272 INFO  [Log] **************************************************************************************** 
2019-08-21 03:39:59,963 INFO  [Log] Firefox driver is created 
2019-08-21 03:40:03,215 INFO  [Log] website is launched 
2019-08-21 03:40:03,216 INFO  [Log] returns the driver 
2019-08-21 03:40:03,216 INFO  [Log] returns the wait time 
2019-08-21 03:40:03,216 INFO  [Log] Initializing web drivers 
2019-08-21 03:40:03,216 INFO  [Log] Initializing web drivers 
2019-08-21 03:40:03,216 INFO  [Log] Initializing web drivers 
2019-08-21 03:40:03,216 INFO  [Log] Clicking the sign in button 
2019-08-21 03:40:04,831 INFO  [Log] Clicking the Forgot password link 
2019-08-21 03:40:06,143 INFO  [Log] Clicking the Forgot password link 
2019-08-21 03:40:07,166 INFO  [Log] The name of the testcase passed is :redirectedToForgotPasswordPage 
2019-08-21 03:40:07,166 INFO  [Log] Capturing the screenshot 
2019-08-21 03:40:07,344 INFO  [Log] **************************************************************************************** 
2019-08-21 03:40:07,344 INFO  [Log] **************************************************************************************** 
2019-08-21 03:40:07,344 INFO  [Log] $$$$$$$$$$$$$$$$$$$$$                 Test Case Ended       $$$$$$$$$$$$$$$$$$$$$$$$$ 
2019-08-21 03:40:07,344 INFO  [Log] **************************************************************************************** 
2019-08-21 03:40:07,344 INFO  [Log] **************************************************************************************** 
2019-08-21 03:40:08,054 INFO  [Log] **************************************************************************************** 
2019-08-21 03:40:08,054 INFO  [Log] **************************************************************************************** 
2019-08-21 03:40:08,054 INFO  [Log] $$$$$$$$$$$$$$$$$$$$$                 New Test Case Started       $$$$$$$$$$$$$$$$$$$$$$$$$ 
2019-08-21 03:40:08,055 INFO  [Log] **************************************************************************************** 
2019-08-21 03:40:08,055 INFO  [Log] **************************************************************************************** 
2019-08-21 03:40:10,703 INFO  [Log] Firefox driver is created 
2019-08-21 03:40:14,298 INFO  [Log] website is launched 
2019-08-21 03:40:14,298 INFO  [Log] returns the driver 
2019-08-21 03:40:14,298 INFO  [Log] returns the wait time 
2019-08-21 03:40:14,298 INFO  [Log] Initializing web drivers 
2019-08-21 03:40:14,298 INFO  [Log] Initializing web drivers 
2019-08-21 03:40:14,298 INFO  [Log] Clicking the sign in button 
2019-08-21 03:40:15,812 INFO  [Log] Verifying the logo 
2019-08-21 03:40:15,880 INFO  [Log] The name of the testcase passed is :logoImageTest 
2019-08-21 03:40:15,880 INFO  [Log] Capturing the screenshot 
2019-08-21 03:40:16,016 INFO  [Log] **************************************************************************************** 
2019-08-21 03:40:16,016 INFO  [Log] **************************************************************************************** 
2019-08-21 03:40:16,016 INFO  [Log] $$$$$$$$$$$$$$$$$$$$$                 Test Case Ended       $$$$$$$$$$$$$$$$$$$$$$$$$ 
2019-08-21 03:40:16,016 INFO  [Log] **************************************************************************************** 
2019-08-21 03:40:16,016 INFO  [Log] **************************************************************************************** 
2019-08-21 03:40:16,684 INFO  [Log] **************************************************************************************** 
2019-08-21 03:40:16,685 INFO  [Log] **************************************************************************************** 
2019-08-21 03:40:16,685 INFO  [Log] $$$$$$$$$$$$$$$$$$$$$                 New Test Case Started       $$$$$$$$$$$$$$$$$$$$$$$$$ 
2019-08-21 03:40:16,685 INFO  [Log] **************************************************************************************** 
2019-08-21 03:40:16,685 INFO  [Log] **************************************************************************************** 
2019-08-21 03:40:19,462 INFO  [Log] Firefox driver is created 
2019-08-21 03:40:23,899 INFO  [Log] website is launched 
2019-08-21 03:40:23,900 INFO  [Log] returns the driver 
2019-08-21 03:40:23,900 INFO  [Log] returns the wait time 
2019-08-21 03:40:23,900 INFO  [Log] Initializing web drivers 
2019-08-21 03:40:23,900 INFO  [Log] Initializing web drivers 
2019-08-21 03:40:23,900 INFO  [Log] Initializing web drivers 
2019-08-21 03:40:23,900 INFO  [Log] Clicking the sign in button 
2019-08-21 03:40:25,365 INFO  [Log] Clicking the Forgot password link 
2019-08-21 03:40:26,502 INFO  [Log] Forget password method: unregisteredUsername is invoked 
2019-08-21 03:40:26,502 INFO  [Log] unregisteredUsername is invoked 
2019-08-21 03:40:26,502 INFO  [Log] Reading the excel sheet forget password 
2019-08-21 03:40:26,549 INFO  [Log] Retrieve password method is called 
2019-08-21 03:40:26,549 INFO  [Log] Set the email in the input box 
2019-08-21 03:40:26,766 INFO  [Log] Clicking on the retrieve passowrd button 
2019-08-21 03:40:27,998 INFO  [Log] Fetching the error message 
2019-08-21 03:40:28,066 INFO  [Log] The name of the testcase passed is :unregisteredUsername 
2019-08-21 03:40:28,066 INFO  [Log] Capturing the screenshot 
2019-08-21 03:40:28,213 INFO  [Log] **************************************************************************************** 
2019-08-21 03:40:28,213 INFO  [Log] **************************************************************************************** 
2019-08-21 03:40:28,213 INFO  [Log] $$$$$$$$$$$$$$$$$$$$$                 Test Case Ended       $$$$$$$$$$$$$$$$$$$$$$$$$ 
2019-08-21 03:40:28,213 INFO  [Log] **************************************************************************************** 
2019-08-21 03:40:28,213 INFO  [Log] **************************************************************************************** 
2019-08-21 03:40:28,885 INFO  [Log] **************************************************************************************** 
2019-08-21 03:40:28,885 INFO  [Log] **************************************************************************************** 
2019-08-21 03:40:28,885 INFO  [Log] $$$$$$$$$$$$$$$$$$$$$                 New Test Case Started       $$$$$$$$$$$$$$$$$$$$$$$$$ 
2019-08-21 03:40:28,885 INFO  [Log] **************************************************************************************** 
2019-08-21 03:40:28,885 INFO  [Log] **************************************************************************************** 
2019-08-21 03:40:31,550 INFO  [Log] Firefox driver is created 
2019-08-21 03:40:34,850 INFO  [Log] website is launched 
2019-08-21 03:40:34,851 INFO  [Log] returns the driver 
2019-08-21 03:40:34,851 INFO  [Log] returns the wait time 
2019-08-21 03:40:34,851 INFO  [Log] Initializing web drivers 
2019-08-21 03:40:34,851 INFO  [Log] Initializing web drivers 
2019-08-21 03:40:34,851 INFO  [Log] Clicking the sign in button 
2019-08-21 03:40:36,362 INFO  [Log] Login method 
2019-08-21 03:40:36,362 INFO  [Log] validCredentials is invoked 
2019-08-21 03:40:36,362 INFO  [Log] Reading the excel sheet login 
2019-08-21 03:40:36,401 INFO  [Log] Setting the registered emailtest123abc@gmail.com 
2019-08-21 03:40:36,596 INFO  [Log] Setting the password 
2019-08-21 03:40:36,765 INFO  [Log] Clicking the sign in button 
2019-08-21 03:40:38,284 INFO  [Log] The name of the testcase passed is :validCredentials 
2019-08-21 03:40:38,284 INFO  [Log] Capturing the screenshot 
2019-08-21 03:40:38,466 INFO  [Log] **************************************************************************************** 
2019-08-21 03:40:38,466 INFO  [Log] **************************************************************************************** 
2019-08-21 03:40:38,466 INFO  [Log] $$$$$$$$$$$$$$$$$$$$$                 Test Case Ended       $$$$$$$$$$$$$$$$$$$$$$$$$ 
2019-08-21 03:40:38,466 INFO  [Log] **************************************************************************************** 
2019-08-21 03:40:38,466 INFO  [Log] **************************************************************************************** 
2019-08-21 03:40:39,091 INFO  [Log] **************************************************************************************** 
2019-08-21 03:40:39,091 INFO  [Log] **************************************************************************************** 
2019-08-21 03:40:39,091 INFO  [Log] $$$$$$$$$$$$$$$$$$$$$                 New Test Case Started       $$$$$$$$$$$$$$$$$$$$$$$$$ 
2019-08-21 03:40:39,091 INFO  [Log] **************************************************************************************** 
2019-08-21 03:40:39,091 INFO  [Log] **************************************************************************************** 
2019-08-21 03:40:41,700 INFO  [Log] Firefox driver is created 
2019-08-21 03:40:44,916 INFO  [Log] website is launched 
2019-08-21 03:40:44,916 INFO  [Log] returns the driver 
2019-08-21 03:40:44,916 INFO  [Log] returns the wait time 
2019-08-21 03:40:44,916 INFO  [Log] Initializing web drivers 
2019-08-21 03:40:44,916 INFO  [Log] Initializing web drivers 
2019-08-21 03:40:44,916 INFO  [Log] Initializing web drivers 
2019-08-21 03:40:44,916 INFO  [Log] Clicking the sign in button 
2019-08-21 03:40:46,165 INFO  [Log] Clicking the Forgot password link 
2019-08-21 03:40:47,296 INFO  [Log] Forget password method: invalidUsername is invoked 
2019-08-21 03:40:47,296 INFO  [Log] invalidUsername is invoked 
2019-08-21 03:40:47,296 INFO  [Log] Reading the excel sheet forget password 
2019-08-21 03:40:47,332 INFO  [Log] Retrieve password method is called 
2019-08-21 03:40:47,332 INFO  [Log] Set the email in the input box 
2019-08-21 03:40:47,450 INFO  [Log] Clicking on the retrieve passowrd button 
2019-08-21 03:40:48,252 INFO  [Log] Fetching the error message 
2019-08-21 03:40:48,324 INFO  [Log] The name of the testcase passed is :invalidUsername 
2019-08-21 03:40:48,324 INFO  [Log] Capturing the screenshot 
2019-08-21 03:40:48,467 INFO  [Log] **************************************************************************************** 
2019-08-21 03:40:48,467 INFO  [Log] **************************************************************************************** 
2019-08-21 03:40:48,467 INFO  [Log] $$$$$$$$$$$$$$$$$$$$$                 Test Case Ended       $$$$$$$$$$$$$$$$$$$$$$$$$ 
2019-08-21 03:40:48,467 INFO  [Log] **************************************************************************************** 
2019-08-21 03:40:48,467 INFO  [Log] **************************************************************************************** 
2019-08-21 03:40:49,102 INFO  [Log] **************************************************************************************** 
2019-08-21 03:40:49,102 INFO  [Log] **************************************************************************************** 
2019-08-21 03:40:49,102 INFO  [Log] $$$$$$$$$$$$$$$$$$$$$                 New Test Case Started       $$$$$$$$$$$$$$$$$$$$$$$$$ 
2019-08-21 03:40:49,102 INFO  [Log] **************************************************************************************** 
2019-08-21 03:40:49,102 INFO  [Log] **************************************************************************************** 
2019-08-21 03:40:51,615 INFO  [Log] Firefox driver is created 
2019-08-21 03:40:55,628 INFO  [Log] website is launched 
2019-08-21 03:40:55,628 INFO  [Log] returns the driver 
2019-08-21 03:40:55,629 INFO  [Log] returns the wait time 
2019-08-21 03:40:55,629 INFO  [Log] Initializing web drivers 
2019-08-21 03:40:55,629 INFO  [Log] Initializing web drivers 
2019-08-21 03:40:55,629 INFO  [Log] Clicking the sign in button 
2019-08-21 03:40:57,307 INFO  [Log] Login method 
2019-08-21 03:40:57,307 INFO  [Log] emptyCredentials is invoked 
2019-08-21 03:40:57,307 INFO  [Log] Reading the excel sheet login 
2019-08-21 03:40:57,348 INFO  [Log] Setting the registered email 
2019-08-21 03:40:57,453 INFO  [Log] Setting the password 
2019-08-21 03:40:57,567 INFO  [Log] Clicking the sign in button 
2019-08-21 03:40:58,435 INFO  [Log] Fetching the error message 
2019-08-21 03:40:58,487 INFO  [Log] The name of the testcase passed is :emptyCredentials 
2019-08-21 03:40:58,487 INFO  [Log] Capturing the screenshot 
2019-08-21 03:40:58,622 INFO  [Log] **************************************************************************************** 
2019-08-21 03:40:58,622 INFO  [Log] **************************************************************************************** 
2019-08-21 03:40:58,622 INFO  [Log] $$$$$$$$$$$$$$$$$$$$$                 Test Case Ended       $$$$$$$$$$$$$$$$$$$$$$$$$ 
2019-08-21 03:40:58,622 INFO  [Log] **************************************************************************************** 
2019-08-21 03:40:58,622 INFO  [Log] **************************************************************************************** 
2019-08-21 03:40:59,330 INFO  [Log] **************************************************************************************** 
2019-08-21 03:40:59,330 INFO  [Log] **************************************************************************************** 
2019-08-21 03:40:59,330 INFO  [Log] $$$$$$$$$$$$$$$$$$$$$                 New Test Case Started       $$$$$$$$$$$$$$$$$$$$$$$$$ 
2019-08-21 03:40:59,330 INFO  [Log] **************************************************************************************** 
2019-08-21 03:40:59,330 INFO  [Log] **************************************************************************************** 
2019-08-21 03:41:01,845 INFO  [Log] Firefox driver is created 
2019-08-21 03:41:05,200 INFO  [Log] website is launched 
2019-08-21 03:41:05,200 INFO  [Log] returns the driver 
2019-08-21 03:41:05,200 INFO  [Log] returns the wait time 
2019-08-21 03:41:05,200 INFO  [Log] Initializing web drivers 
2019-08-21 03:41:05,200 INFO  [Log] Initializing web drivers 
2019-08-21 03:41:05,200 INFO  [Log] Initializing web drivers 
2019-08-21 03:41:05,200 INFO  [Log] Clicking the sign in button 
2019-08-21 03:41:06,840 INFO  [Log] Clicking the Forgot password link 
2019-08-21 03:41:07,774 INFO  [Log] Forget password method: validUsername is invoked 
2019-08-21 03:41:07,774 INFO  [Log] validUsername is invoked 
2019-08-21 03:41:07,774 INFO  [Log] Reading the excel sheet forget password 
2019-08-21 03:41:07,811 INFO  [Log] Retrieve password method is called 
2019-08-21 03:41:07,811 INFO  [Log] Set the email in the input box 
2019-08-21 03:41:07,980 INFO  [Log] Clicking on the retrieve passowrd button 
2019-08-21 03:41:08,880 INFO  [Log] Returning the username 
2019-08-21 03:41:08,881 INFO  [Log] validUsername is invoked 
2019-08-21 03:41:08,881 INFO  [Log] Reading the excel sheet forget password 
2019-08-21 03:41:08,924 INFO  [Log] Fetching the success message 
2019-08-21 03:41:08,972 INFO  [Log] The name of the testcase passed is :validUsername 
2019-08-21 03:41:08,972 INFO  [Log] Capturing the screenshot 
2019-08-21 03:41:09,115 INFO  [Log] **************************************************************************************** 
2019-08-21 03:41:09,116 INFO  [Log] **************************************************************************************** 
2019-08-21 03:41:09,116 INFO  [Log] $$$$$$$$$$$$$$$$$$$$$                 Test Case Ended       $$$$$$$$$$$$$$$$$$$$$$$$$ 
2019-08-21 03:41:09,116 INFO  [Log] **************************************************************************************** 
2019-08-21 03:41:09,116 INFO  [Log] **************************************************************************************** 
2019-08-21 03:41:09,836 INFO  [Log] **************************************************************************************** 
2019-08-21 03:41:09,836 INFO  [Log] **************************************************************************************** 
2019-08-21 03:41:09,836 INFO  [Log] $$$$$$$$$$$$$$$$$$$$$                 New Test Case Started       $$$$$$$$$$$$$$$$$$$$$$$$$ 
2019-08-21 03:41:09,836 INFO  [Log] **************************************************************************************** 
2019-08-21 03:41:09,836 INFO  [Log] **************************************************************************************** 
2019-08-21 03:41:12,575 INFO  [Log] Firefox driver is created 
2019-08-21 03:41:15,996 INFO  [Log] website is launched 
2019-08-21 03:41:15,996 INFO  [Log] returns the driver 
2019-08-21 03:41:15,996 INFO  [Log] returns the wait time 
2019-08-21 03:41:15,996 INFO  [Log] Initializing web drivers 
2019-08-21 03:41:15,996 INFO  [Log] Initializing web drivers 
2019-08-21 03:41:15,997 INFO  [Log] Clicking the sign in button 
2019-08-21 03:41:17,534 INFO  [Log] Login method 
2019-08-21 03:41:17,534 INFO  [Log] emptyUsername is invoked 
2019-08-21 03:41:17,534 INFO  [Log] Reading the excel sheet login 
2019-08-21 03:41:17,583 INFO  [Log] Setting the registered email 
2019-08-21 03:41:17,697 INFO  [Log] Setting the password 
2019-08-21 03:41:17,833 INFO  [Log] Clicking the sign in button 
2019-08-21 03:41:18,986 INFO  [Log] Fetching the error message 
2019-08-21 03:41:19,047 INFO  [Log] The name of the testcase passed is :emptyUsername 
2019-08-21 03:41:19,047 INFO  [Log] Capturing the screenshot 
2019-08-21 03:41:19,195 INFO  [Log] **************************************************************************************** 
2019-08-21 03:41:19,195 INFO  [Log] **************************************************************************************** 
2019-08-21 03:41:19,195 INFO  [Log] $$$$$$$$$$$$$$$$$$$$$                 Test Case Ended       $$$$$$$$$$$$$$$$$$$$$$$$$ 
2019-08-21 03:41:19,195 INFO  [Log] **************************************************************************************** 
2019-08-21 03:41:19,195 INFO  [Log] **************************************************************************************** 
2019-08-21 03:41:19,917 INFO  [Log] **************************************************************************************** 
2019-08-21 03:41:19,917 INFO  [Log] **************************************************************************************** 
2019-08-21 03:41:19,917 INFO  [Log] $$$$$$$$$$$$$$$$$$$$$                 New Test Case Started       $$$$$$$$$$$$$$$$$$$$$$$$$ 
2019-08-21 03:41:19,917 INFO  [Log] **************************************************************************************** 
2019-08-21 03:41:19,917 INFO  [Log] **************************************************************************************** 
2019-08-21 03:41:22,421 INFO  [Log] Firefox driver is created 
2019-08-21 03:41:26,153 INFO  [Log] website is launched 
2019-08-21 03:41:26,153 INFO  [Log] returns the driver 
2019-08-21 03:41:26,153 INFO  [Log] returns the wait time 
2019-08-21 03:41:26,153 INFO  [Log] Initializing web drivers 
2019-08-21 03:41:26,153 INFO  [Log] Initializing web drivers 
2019-08-21 03:41:26,153 INFO  [Log] Initializing web drivers 
2019-08-21 03:41:26,153 INFO  [Log] Clicking the sign in button 
2019-08-21 03:41:27,310 INFO  [Log] Clicking the Forgot password link 
2019-08-21 03:41:28,055 INFO  [Log] Forget password method: emptyUsername is invoked 
2019-08-21 03:41:28,055 INFO  [Log] emptyUsername is invoked 
2019-08-21 03:41:28,055 INFO  [Log] Reading the excel sheet forget password 
2019-08-21 03:41:28,089 INFO  [Log] Retrieve password method is called 
2019-08-21 03:41:28,089 INFO  [Log] Set the email in the input box 
2019-08-21 03:41:28,201 INFO  [Log] Clicking on the retrieve passowrd button 
2019-08-21 03:41:28,911 INFO  [Log] Fetching the error message 
2019-08-21 03:41:28,994 INFO  [Log] The name of the testcase passed is :emptyUsername 
2019-08-21 03:41:28,994 INFO  [Log] Capturing the screenshot 
2019-08-21 03:41:29,143 INFO  [Log] **************************************************************************************** 
2019-08-21 03:41:29,144 INFO  [Log] **************************************************************************************** 
2019-08-21 03:41:29,144 INFO  [Log] $$$$$$$$$$$$$$$$$$$$$                 Test Case Ended       $$$$$$$$$$$$$$$$$$$$$$$$$ 
2019-08-21 03:41:29,144 INFO  [Log] **************************************************************************************** 
2019-08-21 03:41:29,144 INFO  [Log] **************************************************************************************** 
2019-08-21 03:41:29,874 INFO  [Log] **************************************************************************************** 
2019-08-21 03:41:29,874 INFO  [Log] **************************************************************************************** 
2019-08-21 03:41:29,874 INFO  [Log] $$$$$$$$$$$$$$$$$$$$$                 New Test Case Started       $$$$$$$$$$$$$$$$$$$$$$$$$ 
2019-08-21 03:41:29,874 INFO  [Log] **************************************************************************************** 
2019-08-21 03:41:29,875 INFO  [Log] **************************************************************************************** 
2019-08-21 03:41:32,394 INFO  [Log] Firefox driver is created 
2019-08-21 03:41:35,708 INFO  [Log] website is launched 
2019-08-21 03:41:35,709 INFO  [Log] returns the driver 
2019-08-21 03:41:35,709 INFO  [Log] returns the wait time 
2019-08-21 03:41:35,709 INFO  [Log] Initializing web drivers 
2019-08-21 03:41:35,709 INFO  [Log] Initializing web drivers 
2019-08-21 03:41:35,709 INFO  [Log] Clicking the sign in button 
2019-08-21 03:41:37,205 INFO  [Log] Login method 
2019-08-21 03:41:37,205 INFO  [Log] emptyPassword is invoked 
2019-08-21 03:41:37,205 INFO  [Log] Reading the excel sheet login 
2019-08-21 03:41:37,244 INFO  [Log] Setting the registered emailtest123abc@gmail.com 
2019-08-21 03:41:37,407 INFO  [Log] Setting the password 
2019-08-21 03:41:37,581 INFO  [Log] Clicking the sign in button 
2019-08-21 03:41:38,691 INFO  [Log] Fetching the error message 
2019-08-21 03:41:38,737 INFO  [Log] The name of the testcase passed is :emptyPassword 
2019-08-21 03:41:38,737 INFO  [Log] Capturing the screenshot 
2019-08-21 03:41:38,895 INFO  [Log] **************************************************************************************** 
2019-08-21 03:41:38,895 INFO  [Log] **************************************************************************************** 
2019-08-21 03:41:38,895 INFO  [Log] $$$$$$$$$$$$$$$$$$$$$                 Test Case Ended       $$$$$$$$$$$$$$$$$$$$$$$$$ 
2019-08-21 03:41:38,895 INFO  [Log] **************************************************************************************** 
2019-08-21 03:41:38,895 INFO  [Log] **************************************************************************************** 
2019-08-21 03:41:39,543 INFO  [Log] **************************************************************************************** 
2019-08-21 03:41:39,543 INFO  [Log] **************************************************************************************** 
2019-08-21 03:41:39,543 INFO  [Log] $$$$$$$$$$$$$$$$$$$$$                 New Test Case Started       $$$$$$$$$$$$$$$$$$$$$$$$$ 
2019-08-21 03:41:39,543 INFO  [Log] **************************************************************************************** 
2019-08-21 03:41:39,543 INFO  [Log] **************************************************************************************** 
2019-08-21 03:41:42,045 INFO  [Log] Firefox driver is created 
2019-08-21 03:41:47,348 INFO  [Log] website is launched 
2019-08-21 03:41:47,348 INFO  [Log] returns the driver 
2019-08-21 03:41:47,348 INFO  [Log] returns the wait time 
2019-08-21 03:41:47,348 INFO  [Log] Initializing web drivers 
2019-08-21 03:41:47,348 INFO  [Log] Initializing web drivers 
2019-08-21 03:41:47,348 INFO  [Log] Clicking the sign in button 
2019-08-21 03:41:48,992 INFO  [Log] Login method 
2019-08-21 03:41:48,992 INFO  [Log] unregisteredUsername is invoked 
2019-08-21 03:41:48,992 INFO  [Log] Reading the excel sheet login 
2019-08-21 03:41:49,028 INFO  [Log] Setting the registered emailunregisteredUsername@gmail.com 
2019-08-21 03:41:49,255 INFO  [Log] Setting the password 
2019-08-21 03:41:49,554 INFO  [Log] Clicking the sign in button 
2019-08-21 03:41:50,573 INFO  [Log] Fetching the error message 
2019-08-21 03:41:50,623 INFO  [Log] The name of the testcase passed is :unregisteredUsername 
2019-08-21 03:41:50,623 INFO  [Log] Capturing the screenshot 
2019-08-21 03:41:50,754 INFO  [Log] **************************************************************************************** 
2019-08-21 03:41:50,754 INFO  [Log] **************************************************************************************** 
2019-08-21 03:41:50,754 INFO  [Log] $$$$$$$$$$$$$$$$$$$$$                 Test Case Ended       $$$$$$$$$$$$$$$$$$$$$$$$$ 
2019-08-21 03:41:50,754 INFO  [Log] **************************************************************************************** 
2019-08-21 03:41:50,754 INFO  [Log] **************************************************************************************** 
2019-08-21 03:41:51,459 INFO  [Log] **************************************************************************************** 
2019-08-21 03:41:51,459 INFO  [Log] **************************************************************************************** 
2019-08-21 03:41:51,459 INFO  [Log] $$$$$$$$$$$$$$$$$$$$$                 New Test Case Started       $$$$$$$$$$$$$$$$$$$$$$$$$ 
2019-08-21 03:41:51,459 INFO  [Log] **************************************************************************************** 
2019-08-21 03:41:51,459 INFO  [Log] **************************************************************************************** 
2019-08-21 03:41:53,852 INFO  [Log] Firefox driver is created 
2019-08-21 03:41:57,208 INFO  [Log] website is launched 
2019-08-21 03:41:57,208 INFO  [Log] returns the driver 
2019-08-21 03:41:57,208 INFO  [Log] returns the wait time 
2019-08-21 03:41:57,208 INFO  [Log] Initializing web drivers 
2019-08-21 03:41:57,208 INFO  [Log] Initializing web drivers 
2019-08-21 03:41:57,208 INFO  [Log] Clicking the sign in button 
2019-08-21 03:41:58,511 INFO  [Log] Login method 
2019-08-21 03:41:58,511 INFO  [Log] invalidPassword is invoked 
2019-08-21 03:41:58,511 INFO  [Log] Reading the excel sheet login 
2019-08-21 03:41:58,584 INFO  [Log] Setting the registered emailtest123abc@gmail.com 
2019-08-21 03:41:58,759 INFO  [Log] Setting the password 
2019-08-21 03:41:58,892 INFO  [Log] Clicking the sign in button 
2019-08-21 03:42:00,157 INFO  [Log] Fetching the error message 
2019-08-21 03:42:00,206 INFO  [Log] The name of the testcase passed is :invalidPassword 
2019-08-21 03:42:00,206 INFO  [Log] Capturing the screenshot 
2019-08-21 03:42:00,334 INFO  [Log] **************************************************************************************** 
2019-08-21 03:42:00,334 INFO  [Log] **************************************************************************************** 
2019-08-21 03:42:00,334 INFO  [Log] $$$$$$$$$$$$$$$$$$$$$                 Test Case Ended       $$$$$$$$$$$$$$$$$$$$$$$$$ 
2019-08-21 03:42:00,334 INFO  [Log] **************************************************************************************** 
2019-08-21 03:42:00,334 INFO  [Log] **************************************************************************************** 
2019-08-21 03:42:01,015 INFO  [Log] **************************************************************************************** 
2019-08-21 03:42:01,015 INFO  [Log] **************************************************************************************** 
2019-08-21 03:42:01,015 INFO  [Log] $$$$$$$$$$$$$$$$$$$$$                 New Test Case Started       $$$$$$$$$$$$$$$$$$$$$$$$$ 
2019-08-21 03:42:01,015 INFO  [Log] **************************************************************************************** 
2019-08-21 03:42:01,015 INFO  [Log] **************************************************************************************** 
2019-08-21 03:42:03,463 INFO  [Log] Firefox driver is created 
2019-08-21 03:42:08,075 INFO  [Log] website is launched 
2019-08-21 03:42:08,076 INFO  [Log] returns the driver 
2019-08-21 03:42:08,076 INFO  [Log] returns the wait time 
2019-08-21 03:42:08,076 INFO  [Log] Initializing web drivers 
2019-08-21 03:42:08,076 INFO  [Log] Initializing web drivers 
2019-08-21 03:42:08,076 INFO  [Log] Clicking the sign in button 
2019-08-21 03:42:09,470 INFO  [Log] Login method 
2019-08-21 03:42:09,470 INFO  [Log] invalidUsername is invoked 
2019-08-21 03:42:09,470 INFO  [Log] Reading the excel sheet login 
2019-08-21 03:42:09,502 INFO  [Log] Setting the registered emailtestscom. 
2019-08-21 03:42:09,640 INFO  [Log] Setting the password 
2019-08-21 03:42:09,791 INFO  [Log] Clicking the sign in button 
2019-08-21 03:42:11,148 INFO  [Log] Fetching the error message 
2019-08-21 03:42:11,216 INFO  [Log] The name of the testcase passed is :invalidUsername 
2019-08-21 03:42:11,216 INFO  [Log] Capturing the screenshot 
2019-08-21 03:42:11,356 INFO  [Log] **************************************************************************************** 
2019-08-21 03:42:11,356 INFO  [Log] **************************************************************************************** 
2019-08-21 03:42:11,356 INFO  [Log] $$$$$$$$$$$$$$$$$$$$$                 Test Case Ended       $$$$$$$$$$$$$$$$$$$$$$$$$ 
2019-08-21 03:42:11,356 INFO  [Log] **************************************************************************************** 
2019-08-21 03:42:11,356 INFO  [Log] **************************************************************************************** 
2019-08-21 03:42:12,061 INFO  [Log] **************************************************************************************** 
2019-08-21 03:42:12,061 INFO  [Log] **************************************************************************************** 
2019-08-21 03:42:12,061 INFO  [Log] $$$$$$$$$$$$$$$$$$$$$                 New Test Case Started       $$$$$$$$$$$$$$$$$$$$$$$$$ 
2019-08-21 03:42:12,061 INFO  [Log] **************************************************************************************** 
2019-08-21 03:42:12,061 INFO  [Log] **************************************************************************************** 
2019-08-21 03:42:14,692 INFO  [Log] Firefox driver is created 
2019-08-21 03:42:18,084 INFO  [Log] website is launched 
2019-08-21 03:42:18,084 INFO  [Log] returns the driver 
2019-08-21 03:42:18,084 INFO  [Log] returns the wait time 
2019-08-21 03:42:18,084 INFO  [Log] Initializing web drivers 
2019-08-21 03:42:18,084 INFO  [Log] Initializing web drivers 
2019-08-21 03:42:18,084 INFO  [Log] Clicking the sign in button 
2019-08-21 03:42:19,662 INFO  [Log] Check for password visibility (bullet or asterisk) 
2019-08-21 03:42:19,718 INFO  [Log] The name of the testcase passed is :isPasswordVisible 
2019-08-21 03:42:19,718 INFO  [Log] Capturing the screenshot 
2019-08-21 03:42:19,846 INFO  [Log] **************************************************************************************** 
2019-08-21 03:42:19,846 INFO  [Log] **************************************************************************************** 
2019-08-21 03:42:19,846 INFO  [Log] $$$$$$$$$$$$$$$$$$$$$                 Test Case Ended       $$$$$$$$$$$$$$$$$$$$$$$$$ 
2019-08-21 03:42:19,846 INFO  [Log] **************************************************************************************** 
2019-08-21 03:42:19,846 INFO  [Log] **************************************************************************************** 
2019-08-21 03:42:20,517 INFO  [Log] **************************************************************************************** 
2019-08-21 03:42:20,517 INFO  [Log] **************************************************************************************** 
2019-08-21 03:42:20,517 INFO  [Log] $$$$$$$$$$$$$$$$$$$$$                 New Test Case Started       $$$$$$$$$$$$$$$$$$$$$$$$$ 
2019-08-21 03:42:20,517 INFO  [Log] **************************************************************************************** 
2019-08-21 03:42:20,517 INFO  [Log] **************************************************************************************** 
2019-08-21 03:42:22,953 INFO  [Log] Firefox driver is created 
2019-08-21 03:42:26,485 INFO  [Log] website is launched 
2019-08-21 03:42:26,485 INFO  [Log] returns the driver 
2019-08-21 03:42:26,485 INFO  [Log] returns the wait time 
2019-08-21 03:42:26,485 INFO  [Log] Initializing web drivers 
2019-08-21 03:42:26,485 INFO  [Log] Initializing web drivers 
2019-08-21 03:42:26,485 INFO  [Log] Clicking the sign in button 
2019-08-21 03:42:28,521 INFO  [Log] Login process after enter key is pressed 
2019-08-21 03:42:28,522 INFO  [Log] isEnterKeyAllowed is invoked 
2019-08-21 03:42:28,522 INFO  [Log] Reading the excel sheet login 
2019-08-21 03:42:28,579 INFO  [Log] Setting the registered emailtest123abc@gmail.com 
2019-08-21 03:42:28,785 INFO  [Log] Setting the password 
2019-08-21 03:42:28,937 INFO  [Log] Enter key submit form 
2019-08-21 03:42:29,026 INFO  [Log] The name of the testcase failed is :isEnterKeyAllowed 
2019-08-21 03:42:29,026 INFO  [Log] Capturing the screenshot 
2019-08-21 03:42:29,167 INFO  [Log] **************************************************************************************** 
2019-08-21 03:42:29,167 INFO  [Log] **************************************************************************************** 
2019-08-21 03:42:29,167 INFO  [Log] $$$$$$$$$$$$$$$$$$$$$                 Test Case Ended       $$$$$$$$$$$$$$$$$$$$$$$$$ 
2019-08-21 03:42:29,167 INFO  [Log] **************************************************************************************** 
2019-08-21 03:42:29,167 INFO  [Log] **************************************************************************************** 
